<?xml version="1.0" encoding="UTF-8"?>
<!-- Generated by org.testng.reporters.JUnitReportReporter -->
<testsuite hostname="jp1_SH-PC" name="com.smart.dao.UserDaoTest" tests="1" failures="0" timestamp="3 Feb 2015 07:00:18 GMT" time="0.296" errors="0">
  <testcase name="hasMatchUser" time="0.296" classname="com.smart.dao.UserDaoTest"/>
</testsuite> <!-- com.smart.dao.UserDaoTest -->
